<?xml version="1.0" encoding="UTF-8"?>
<!-- Generated by org.testng.reporters.JUnitReportReporter -->
<testsuite hostname="Shakib-PC" name="com.maven.package_1.MavenTest2.TC_002_verifyLogInLogOut" tests="3" failures="0" timestamp="16 Nov 2015 12:46:54 GMT" time="0.026" errors="0">
  <testcase name="logInLogOut" time="0.001" classname="com.maven.package_1.MavenTest2.TC_002_verifyLogInLogOut"/>
  <testcase name="method2ForTC2" time="0.001" classname="com.maven.package_1.MavenTest2.TC_002_verifyLogInLogOut"/>
  <testcase name="method1ForTC2" time="0.024" classname="com.maven.package_1.MavenTest2.TC_002_verifyLogInLogOut"/>
</testsuite> <!-- com.maven.package_1.MavenTest2.TC_002_verifyLogInLogOut -->
